running egg_info
creating ../build/my_chatter_pkg/my_chatter_pkg.egg-info
writing ../build/my_chatter_pkg/my_chatter_pkg.egg-info/PKG-INFO
writing dependency_links to ../build/my_chatter_pkg/my_chatter_pkg.egg-info/dependency_links.txt
writing entry points to ../build/my_chatter_pkg/my_chatter_pkg.egg-info/entry_points.txt
writing requirements to ../build/my_chatter_pkg/my_chatter_pkg.egg-info/requires.txt
writing top-level names to ../build/my_chatter_pkg/my_chatter_pkg.egg-info/top_level.txt
writing manifest file '../build/my_chatter_pkg/my_chatter_pkg.egg-info/SOURCES.txt'
reading manifest file '../build/my_chatter_pkg/my_chatter_pkg.egg-info/SOURCES.txt'
writing manifest file '../build/my_chatter_pkg/my_chatter_pkg.egg-info/SOURCES.txt'
running build
running build_py
creating /home/hg_/ros2_ws/src/Atividade-1-ROS2-Chatter/build/my_chatter_pkg/build
creating /home/hg_/ros2_ws/src/Atividade-1-ROS2-Chatter/build/my_chatter_pkg/build/lib
creating /home/hg_/ros2_ws/src/Atividade-1-ROS2-Chatter/build/my_chatter_pkg/build/lib/my_chatter_pkg
copying my_chatter_pkg/__init__.py -> /home/hg_/ros2_ws/src/Atividade-1-ROS2-Chatter/build/my_chatter_pkg/build/lib/my_chatter_pkg
copying my_chatter_pkg/talker.py -> /home/hg_/ros2_ws/src/Atividade-1-ROS2-Chatter/build/my_chatter_pkg/build/lib/my_chatter_pkg
copying my_chatter_pkg/listener.py -> /home/hg_/ros2_ws/src/Atividade-1-ROS2-Chatter/build/my_chatter_pkg/build/lib/my_chatter_pkg
running install
running install_lib
creating /home/hg_/ros2_ws/src/Atividade-1-ROS2-Chatter/install/my_chatter_pkg/lib/python3.12/site-packages/my_chatter_pkg
copying /home/hg_/ros2_ws/src/Atividade-1-ROS2-Chatter/build/my_chatter_pkg/build/lib/my_chatter_pkg/__init__.py -> /home/hg_/ros2_ws/src/Atividade-1-ROS2-Chatter/install/my_chatter_pkg/lib/python3.12/site-packages/my_chatter_pkg
copying /home/hg_/ros2_ws/src/Atividade-1-ROS2-Chatter/build/my_chatter_pkg/build/lib/my_chatter_pkg/talker.py -> /home/hg_/ros2_ws/src/Atividade-1-ROS2-Chatter/install/my_chatter_pkg/lib/python3.12/site-packages/my_chatter_pkg
copying /home/hg_/ros2_ws/src/Atividade-1-ROS2-Chatter/build/my_chatter_pkg/build/lib/my_chatter_pkg/listener.py -> /home/hg_/ros2_ws/src/Atividade-1-ROS2-Chatter/install/my_chatter_pkg/lib/python3.12/site-packages/my_chatter_pkg
byte-compiling /home/hg_/ros2_ws/src/Atividade-1-ROS2-Chatter/install/my_chatter_pkg/lib/python3.12/site-packages/my_chatter_pkg/__init__.py to __init__.cpython-312.pyc
byte-compiling /home/hg_/ros2_ws/src/Atividade-1-ROS2-Chatter/install/my_chatter_pkg/lib/python3.12/site-packages/my_chatter_pkg/talker.py to talker.cpython-312.pyc
byte-compiling /home/hg_/ros2_ws/src/Atividade-1-ROS2-Chatter/install/my_chatter_pkg/lib/python3.12/site-packages/my_chatter_pkg/listener.py to listener.cpython-312.pyc
running install_data
creating /home/hg_/ros2_ws/src/Atividade-1-ROS2-Chatter/install/my_chatter_pkg/share/ament_index
creating /home/hg_/ros2_ws/src/Atividade-1-ROS2-Chatter/install/my_chatter_pkg/share/ament_index/resource_index
creating /home/hg_/ros2_ws/src/Atividade-1-ROS2-Chatter/install/my_chatter_pkg/share/ament_index/resource_index/packages
copying resource/my_chatter_pkg -> /home/hg_/ros2_ws/src/Atividade-1-ROS2-Chatter/install/my_chatter_pkg/share/ament_index/resource_index/packages
copying package.xml -> /home/hg_/ros2_ws/src/Atividade-1-ROS2-Chatter/install/my_chatter_pkg/share/my_chatter_pkg
running install_egg_info
Copying ../build/my_chatter_pkg/my_chatter_pkg.egg-info to /home/hg_/ros2_ws/src/Atividade-1-ROS2-Chatter/install/my_chatter_pkg/lib/python3.12/site-packages/my_chatter_pkg-0.0.0-py3.12.egg-info
running install_scripts
Installing listener script to /home/hg_/ros2_ws/src/Atividade-1-ROS2-Chatter/install/my_chatter_pkg/lib/my_chatter_pkg
Installing talker script to /home/hg_/ros2_ws/src/Atividade-1-ROS2-Chatter/install/my_chatter_pkg/lib/my_chatter_pkg
writing list of installed files to '/home/hg_/ros2_ws/src/Atividade-1-ROS2-Chatter/build/my_chatter_pkg/install.log'
